27-Apr-22 16:15:29 - INFO - pull_weather_information_from_metaweather_api.py:45 - Object successfully created!!!
27-Apr-22 16:15:29 - INFO - s3.py:17 - BUBSIUBSB
27-Apr-22 16:55:15 - INFO - metaweather_api.py:8 - Object created successfully for the class MetaWeatherApi
27-Apr-22 16:55:15 - INFO - pull_weather_information_from_metaweather_api.py:47 - Object successfully created!!!
27-Apr-22 16:55:15 - INFO - pull_weather_information_from_metaweather_api.py:61 - The script retrieves weather information for yesterday
27-Apr-22 16:55:17 - INFO - metaweather_api.py:16 - Weather information sucessfully retrieved for2022/04/26 and 2471390
27-Apr-22 16:58:14 - INFO - metaweather_api.py:8 - Object created successfully for the class MetaWeatherApi
27-Apr-22 16:58:14 - INFO - pull_weather_information_from_metaweather_api.py:47 - Object successfully created!!!
27-Apr-22 16:58:14 - INFO - pull_weather_information_from_metaweather_api.py:61 - The script retrieves weather information for yesterday
27-Apr-22 16:58:15 - INFO - metaweather_api.py:16 - Weather information sucessfully retrieved for2022/04/26 and 2471390
27-Apr-22 17:12:55 - INFO - metaweather_api.py:8 - Object created successfully for the class MetaWeatherApi
27-Apr-22 17:12:55 - INFO - pull_weather_information_from_metaweather_api.py:47 - Object successfully created!!!
27-Apr-22 17:12:55 - INFO - pull_weather_information_from_metaweather_api.py:61 - The script retrieves weather information for yesterday
27-Apr-22 17:12:57 - INFO - metaweather_api.py:16 - Weather information sucessfully retrieved for2022/04/26 and 2471390
27-Apr-22 17:22:27 - INFO - metaweather_api.py:8 - Object created successfully for the class MetaWeatherApi
27-Apr-22 17:22:27 - INFO - pull_weather_information_from_metaweather_api.py:47 - Object successfully created!!!
27-Apr-22 17:22:27 - INFO - pull_weather_information_from_metaweather_api.py:61 - The script retrieves weather information for yesterday
27-Apr-22 17:22:29 - INFO - metaweather_api.py:16 - Weather information sucessfully retrieved for2022/04/26 and 2471390
27-Apr-22 17:22:53 - INFO - metaweather_api.py:8 - Object created successfully for the class MetaWeatherApi
27-Apr-22 17:22:53 - INFO - pull_weather_information_from_metaweather_api.py:47 - Object successfully created!!!
27-Apr-22 17:22:53 - INFO - pull_weather_information_from_metaweather_api.py:61 - The script retrieves weather information for yesterday
27-Apr-22 17:22:54 - INFO - metaweather_api.py:16 - Weather information sucessfully retrieved for2022/04/26 and 2471390
27-Apr-22 17:23:10 - INFO - metaweather_api.py:8 - Object created successfully for the class MetaWeatherApi
27-Apr-22 17:23:10 - INFO - pull_weather_information_from_metaweather_api.py:47 - Object successfully created!!!
27-Apr-22 17:23:10 - INFO - pull_weather_information_from_metaweather_api.py:61 - The script retrieves weather information for yesterday
27-Apr-22 17:23:12 - INFO - metaweather_api.py:16 - Weather information sucessfully retrieved for2022/04/26 and 2471390
27-Apr-22 17:23:27 - INFO - metaweather_api.py:8 - Object created successfully for the class MetaWeatherApi
27-Apr-22 17:23:27 - INFO - pull_weather_information_from_metaweather_api.py:47 - Object successfully created!!!
27-Apr-22 17:23:27 - INFO - pull_weather_information_from_metaweather_api.py:61 - The script retrieves weather information for yesterday
27-Apr-22 17:23:29 - INFO - metaweather_api.py:16 - Weather information sucessfully retrieved for2022/04/26 and 2471390
27-Apr-22 17:31:49 - INFO - metaweather_api.py:8 - Object created successfully for the class MetaWeatherApi
27-Apr-22 17:31:49 - INFO - pull_weather_information_from_metaweather_api.py:48 - Object successfully created!!!
27-Apr-22 17:31:49 - INFO - pull_weather_information_from_metaweather_api.py:62 - The script retrieves weather information for yesterday
27-Apr-22 17:31:51 - INFO - metaweather_api.py:16 - Weather information sucessfully retrieved for2022/04/26 and 2471390
27-Apr-22 17:33:05 - INFO - metaweather_api.py:8 - Object created successfully for the class MetaWeatherApi
27-Apr-22 17:33:05 - INFO - pull_weather_information_from_metaweather_api.py:48 - Object successfully created!!!
27-Apr-22 17:33:05 - INFO - pull_weather_information_from_metaweather_api.py:62 - The script retrieves weather information for yesterday
27-Apr-22 17:33:07 - INFO - metaweather_api.py:16 - Weather information sucessfully retrieved for2022/04/26 and 2471390
27-Apr-22 17:33:25 - INFO - metaweather_api.py:8 - Object created successfully for the class MetaWeatherApi
27-Apr-22 17:33:25 - INFO - pull_weather_information_from_metaweather_api.py:48 - Object successfully created!!!
27-Apr-22 17:33:25 - INFO - pull_weather_information_from_metaweather_api.py:62 - The script retrieves weather information for yesterday
27-Apr-22 17:33:27 - INFO - metaweather_api.py:16 - Weather information sucessfully retrieved for2022/04/26 and 2471390
27-Apr-22 17:34:21 - INFO - metaweather_api.py:8 - Object created successfully for the class MetaWeatherApi
27-Apr-22 17:34:21 - INFO - pull_weather_information_from_metaweather_api.py:48 - Object successfully created!!!
27-Apr-22 17:34:21 - INFO - pull_weather_information_from_metaweather_api.py:62 - The script retrieves weather information for yesterday
27-Apr-22 17:34:22 - INFO - metaweather_api.py:16 - Weather information sucessfully retrieved for2022/04/26 and 2471390
27-Apr-22 17:35:20 - INFO - metaweather_api.py:8 - Object created successfully for the class MetaWeatherApi
27-Apr-22 17:35:20 - INFO - pull_weather_information_from_metaweather_api.py:48 - Object successfully created!!!
27-Apr-22 17:35:20 - INFO - pull_weather_information_from_metaweather_api.py:62 - The script retrieves weather information for yesterday
27-Apr-22 17:35:21 - INFO - metaweather_api.py:16 - Weather information sucessfully retrieved for2022/04/26 and 2471390
27-Apr-22 17:36:14 - INFO - metaweather_api.py:8 - Object created successfully for the class MetaWeatherApi
27-Apr-22 17:36:14 - INFO - pull_weather_information_from_metaweather_api.py:48 - Object successfully created!!!
27-Apr-22 17:36:14 - INFO - pull_weather_information_from_metaweather_api.py:62 - The script retrieves weather information for yesterday
27-Apr-22 17:36:16 - INFO - metaweather_api.py:16 - Weather information sucessfully retrieved for2022/04/26 and 2471390
27-Apr-22 17:37:14 - INFO - metaweather_api.py:8 - Object created successfully for the class MetaWeatherApi
27-Apr-22 17:37:14 - INFO - pull_weather_information_from_metaweather_api.py:48 - Object successfully created!!!
27-Apr-22 17:37:14 - INFO - pull_weather_information_from_metaweather_api.py:62 - The script retrieves weather information for yesterday
27-Apr-22 17:37:15 - INFO - metaweather_api.py:16 - Weather information sucessfully retrieved for2022/04/26 and 2471390
27-Apr-22 17:44:21 - INFO - metaweather_api.py:8 - Object created successfully for the class MetaWeatherApi
27-Apr-22 17:44:21 - INFO - pull_weather_information_from_metaweather_api.py:48 - Object successfully created!!!
27-Apr-22 17:44:21 - INFO - pull_weather_information_from_metaweather_api.py:62 - The script retrieves weather information for yesterday
27-Apr-22 17:44:22 - INFO - metaweather_api.py:16 - Weather information sucessfully retrieved for2022/04/26 and 2471390
27-Apr-22 17:44:40 - INFO - metaweather_api.py:8 - Object created successfully for the class MetaWeatherApi
27-Apr-22 17:44:40 - INFO - pull_weather_information_from_metaweather_api.py:48 - Object successfully created!!!
27-Apr-22 17:44:40 - INFO - pull_weather_information_from_metaweather_api.py:62 - The script retrieves weather information for yesterday
27-Apr-22 17:44:41 - INFO - metaweather_api.py:16 - Weather information sucessfully retrieved for2022/04/26 and 2471390
27-Apr-22 17:45:13 - INFO - metaweather_api.py:8 - Object created successfully for the class MetaWeatherApi
27-Apr-22 17:45:13 - INFO - pull_weather_information_from_metaweather_api.py:48 - Object successfully created!!!
27-Apr-22 17:45:13 - INFO - pull_weather_information_from_metaweather_api.py:62 - The script retrieves weather information for yesterday
27-Apr-22 17:45:14 - INFO - metaweather_api.py:16 - Weather information sucessfully retrieved for2022/04/26 and 2471390
27-Apr-22 17:46:02 - INFO - metaweather_api.py:8 - Object created successfully for the class MetaWeatherApi
27-Apr-22 17:46:02 - INFO - pull_weather_information_from_metaweather_api.py:48 - Object successfully created!!!
27-Apr-22 17:46:02 - INFO - pull_weather_information_from_metaweather_api.py:62 - The script retrieves weather information for yesterday
27-Apr-22 17:46:04 - INFO - metaweather_api.py:16 - Weather information sucessfully retrieved for2022/04/26 and 2471390
27-Apr-22 17:46:15 - INFO - metaweather_api.py:8 - Object created successfully for the class MetaWeatherApi
27-Apr-22 17:46:15 - INFO - pull_weather_information_from_metaweather_api.py:48 - Object successfully created!!!
27-Apr-22 17:46:15 - INFO - pull_weather_information_from_metaweather_api.py:62 - The script retrieves weather information for yesterday
27-Apr-22 17:46:16 - INFO - metaweather_api.py:16 - Weather information sucessfully retrieved for2022/04/26 and 2471390
27-Apr-22 17:47:21 - INFO - metaweather_api.py:8 - Object created successfully for the class MetaWeatherApi
27-Apr-22 17:47:21 - INFO - pull_weather_information_from_metaweather_api.py:48 - Object successfully created!!!
27-Apr-22 17:47:21 - INFO - pull_weather_information_from_metaweather_api.py:62 - The script retrieves weather information for yesterday
27-Apr-22 17:47:23 - INFO - metaweather_api.py:16 - Weather information sucessfully retrieved for2022/04/26 and 2471390
27-Apr-22 17:54:20 - INFO - metaweather_api.py:8 - Object created successfully for the class MetaWeatherApi
27-Apr-22 17:54:20 - INFO - pull_weather_information_from_metaweather_api.py:48 - Object successfully created!!!
27-Apr-22 17:54:20 - INFO - pull_weather_information_from_metaweather_api.py:62 - The script retrieves weather information for yesterday
27-Apr-22 17:54:22 - INFO - metaweather_api.py:16 - Weather information sucessfully retrieved for2022/04/26 and 2471390
27-Apr-22 18:14:20 - INFO - metaweather_api.py:8 - Object created successfully for the class MetaWeatherApi
27-Apr-22 18:14:20 - INFO - pull_weather_information_from_metaweather_api.py:48 - Object successfully created!!!
27-Apr-22 18:14:20 - INFO - pull_weather_information_from_metaweather_api.py:62 - The script retrieves weather information for yesterday
27-Apr-22 18:14:21 - INFO - metaweather_api.py:16 - Weather information sucessfully retrieved for2022/04/26 and 2471390
27-Apr-22 18:14:38 - INFO - metaweather_api.py:8 - Object created successfully for the class MetaWeatherApi
27-Apr-22 18:14:38 - INFO - pull_weather_information_from_metaweather_api.py:48 - Object successfully created!!!
27-Apr-22 18:14:38 - INFO - pull_weather_information_from_metaweather_api.py:62 - The script retrieves weather information for yesterday
27-Apr-22 18:14:39 - INFO - metaweather_api.py:16 - Weather information sucessfully retrieved for2022/04/26 and 2471390
27-Apr-22 18:35:21 - INFO - metaweather_api.py:8 - Object created successfully for the class MetaWeatherApi
27-Apr-22 18:35:21 - INFO - pull_weather_information_from_metaweather_api.py:48 - Object successfully created!!!
27-Apr-22 18:35:21 - INFO - pull_weather_information_from_metaweather_api.py:62 - The script retrieves weather information for yesterday
27-Apr-22 18:35:23 - INFO - metaweather_api.py:16 - Weather information sucessfully retrieved for2022/04/26 and 2471390
27-Apr-22 18:37:10 - INFO - metaweather_api.py:8 - Object created successfully for the class MetaWeatherApi
27-Apr-22 18:37:10 - INFO - pull_weather_information_from_metaweather_api.py:48 - Object successfully created!!!
27-Apr-22 18:37:10 - INFO - pull_weather_information_from_metaweather_api.py:62 - The script retrieves weather information for yesterday
27-Apr-22 18:37:11 - INFO - metaweather_api.py:16 - Weather information sucessfully retrieved for2022/04/26 and 2471390
27-Apr-22 18:37:55 - INFO - metaweather_api.py:8 - Object created successfully for the class MetaWeatherApi
27-Apr-22 18:37:55 - INFO - pull_weather_information_from_metaweather_api.py:48 - Object successfully created!!!
27-Apr-22 18:37:55 - INFO - pull_weather_information_from_metaweather_api.py:62 - The script retrieves weather information for yesterday
27-Apr-22 18:37:56 - INFO - metaweather_api.py:16 - Weather information sucessfully retrieved for2022/04/26 and 2471390
27-Apr-22 18:38:58 - INFO - metaweather_api.py:8 - Object created successfully for the class MetaWeatherApi
27-Apr-22 18:38:58 - INFO - pull_weather_information_from_metaweather_api.py:48 - Object successfully created!!!
27-Apr-22 18:38:58 - INFO - pull_weather_information_from_metaweather_api.py:62 - The script retrieves weather information for yesterday
27-Apr-22 18:38:59 - INFO - metaweather_api.py:16 - Weather information sucessfully retrieved for2022/04/26 and 2471390
27-Apr-22 18:39:27 - INFO - metaweather_api.py:8 - Object created successfully for the class MetaWeatherApi
27-Apr-22 18:39:27 - INFO - pull_weather_information_from_metaweather_api.py:48 - Object successfully created!!!
27-Apr-22 18:39:27 - INFO - pull_weather_information_from_metaweather_api.py:62 - The script retrieves weather information for yesterday
27-Apr-22 18:39:28 - INFO - metaweather_api.py:16 - Weather information sucessfully retrieved for2022/04/26 and 2471390
27-Apr-22 20:58:15 - INFO - metaweather_api.py:8 - Object created successfully for the class MetaWeatherApi
27-Apr-22 20:58:15 - INFO - pull_weather_information_from_metaweather_api.py:48 - Object successfully created!!!
27-Apr-22 20:58:15 - INFO - pull_weather_information_from_metaweather_api.py:62 - The script retrieves weather information for yesterday
27-Apr-22 20:58:17 - INFO - metaweather_api.py:16 - Weather information sucessfully retrieved for2022/04/26 and 2471390
27-Apr-22 20:59:18 - INFO - metaweather_api.py:8 - Object created successfully for the class MetaWeatherApi
27-Apr-22 20:59:18 - INFO - pull_weather_information_from_metaweather_api.py:48 - Object successfully created!!!
27-Apr-22 20:59:18 - INFO - pull_weather_information_from_metaweather_api.py:62 - The script retrieves weather information for yesterday
27-Apr-22 20:59:19 - INFO - metaweather_api.py:16 - Weather information sucessfully retrieved for2022/04/26 and 2471390
27-Apr-22 20:59:40 - INFO - metaweather_api.py:8 - Object created successfully for the class MetaWeatherApi
27-Apr-22 20:59:40 - INFO - pull_weather_information_from_metaweather_api.py:48 - Object successfully created!!!
27-Apr-22 20:59:40 - INFO - pull_weather_information_from_metaweather_api.py:62 - The script retrieves weather information for yesterday
27-Apr-22 20:59:42 - INFO - metaweather_api.py:16 - Weather information sucessfully retrieved for2022/04/26 and 2471390
27-Apr-22 20:59:58 - INFO - metaweather_api.py:8 - Object created successfully for the class MetaWeatherApi
27-Apr-22 20:59:58 - INFO - pull_weather_information_from_metaweather_api.py:48 - Object successfully created!!!
27-Apr-22 20:59:58 - INFO - pull_weather_information_from_metaweather_api.py:62 - The script retrieves weather information for yesterday
27-Apr-22 21:00:00 - INFO - metaweather_api.py:16 - Weather information sucessfully retrieved for2022/04/26 and 2471390
27-Apr-22 21:00:20 - INFO - metaweather_api.py:8 - Object created successfully for the class MetaWeatherApi
27-Apr-22 21:00:20 - INFO - pull_weather_information_from_metaweather_api.py:48 - Object successfully created!!!
27-Apr-22 21:00:20 - INFO - pull_weather_information_from_metaweather_api.py:62 - The script retrieves weather information for yesterday
27-Apr-22 21:00:21 - INFO - metaweather_api.py:16 - Weather information sucessfully retrieved for2022/04/26 and 2471390
27-Apr-22 21:00:52 - INFO - metaweather_api.py:8 - Object created successfully for the class MetaWeatherApi
27-Apr-22 21:00:52 - INFO - pull_weather_information_from_metaweather_api.py:48 - Object successfully created!!!
27-Apr-22 21:00:52 - INFO - pull_weather_information_from_metaweather_api.py:62 - The script retrieves weather information for yesterday
27-Apr-22 21:00:53 - INFO - metaweather_api.py:16 - Weather information sucessfully retrieved for2022/04/26 and 2471390
27-Apr-22 21:01:03 - INFO - metaweather_api.py:8 - Object created successfully for the class MetaWeatherApi
27-Apr-22 21:01:03 - INFO - pull_weather_information_from_metaweather_api.py:48 - Object successfully created!!!
27-Apr-22 21:01:03 - INFO - pull_weather_information_from_metaweather_api.py:62 - The script retrieves weather information for yesterday
27-Apr-22 21:01:05 - INFO - metaweather_api.py:16 - Weather information sucessfully retrieved for2022/04/26 and 2471390
27-Apr-22 21:11:14 - INFO - metaweather_api.py:8 - Object created successfully for the class MetaWeatherApi
27-Apr-22 21:11:14 - INFO - pull_weather_information_from_metaweather_api.py:48 - Object successfully created!!!
27-Apr-22 21:11:14 - INFO - pull_weather_information_from_metaweather_api.py:62 - The script retrieves weather information for yesterday
27-Apr-22 21:11:15 - INFO - metaweather_api.py:16 - Weather information sucessfully retrieved for2022/04/26 and 2471390
27-Apr-22 21:15:52 - INFO - metaweather_api.py:8 - Object created successfully for the class MetaWeatherApi
27-Apr-22 21:15:52 - INFO - pull_weather_information_from_metaweather_api.py:48 - Object successfully created!!!
27-Apr-22 21:15:52 - INFO - pull_weather_information_from_metaweather_api.py:62 - The script retrieves weather information for yesterday
27-Apr-22 21:15:57 - INFO - metaweather_api.py:16 - Weather information sucessfully retrieved for2022/04/26 and 2471390
28-Apr-22 06:48:32 - INFO - metaweather_api.py:8 - Object created successfully for the class MetaWeatherApi
28-Apr-22 06:48:32 - INFO - pull_weather_information_from_metaweather_api.py:49 - Object successfully created!!!
28-Apr-22 06:50:24 - INFO - metaweather_api.py:8 - Object created successfully for the class MetaWeatherApi
28-Apr-22 06:50:24 - INFO - pull_weather_information_from_metaweather_api.py:49 - Object successfully created!!!
28-Apr-22 06:52:08 - INFO - metaweather_api.py:8 - Object created successfully for the class MetaWeatherApi
28-Apr-22 06:52:08 - INFO - pull_weather_information_from_metaweather_api.py:49 - Object successfully created!!!
28-Apr-22 07:08:24 - INFO - metaweather_api.py:8 - Object created successfully for the class MetaWeatherApi
28-Apr-22 07:08:24 - INFO - pull_weather_information_from_metaweather_api.py:50 - Object successfully created!!!
28-Apr-22 07:08:24 - INFO - pull_weather_information_from_metaweather_api.py:64 - The script retrieves weather information for yesterday
28-Apr-22 07:08:26 - INFO - metaweather_api.py:16 - Weather information sucessfully retrieved for2022/04/27 and 2471390
